==79226== Memcheck, a memory error detector
==79226== Copyright (C) 2002-2017, and GNU GPL'd, by Julian Seward et al.
==79226== Using Valgrind-3.18.1 and LibVEX; rerun with -h for copyright info
==79226== Command: ./minishell
==79226== Parent PID: 50129
==79226== 
==79226== 
==79226== HEAP SUMMARY:
==79226==     in use at exit: 209,541 bytes in 290 blocks
==79226==   total heap usage: 544 allocs, 254 frees, 230,879 bytes allocated
==79226== 
==79226== 70 (64 direct, 6 indirect) bytes in 2 blocks are definitely lost in loss record 25 of 79
==79226==    at 0x4848899: malloc (in /usr/libexec/valgrind/vgpreload_memcheck-amd64-linux.so)
==79226==    by 0x4025A8: create_new_token (list_utils.c:34)
==79226==    by 0x4015F3: create_token (token.c:23)
==79226==    by 0x401719: create_token_cmd (token.c:46)
==79226==    by 0x4019F0: pars_token (token.c:99)
==79226==    by 0x401B80: handle_input (token_utils.c:55)
==79226==    by 0x40151C: main (main.c:25)
==79226== 
==79226== 360 (32 direct, 328 indirect) bytes in 1 blocks are definitely lost in loss record 36 of 79
==79226==    at 0x4848899: malloc (in /usr/libexec/valgrind/vgpreload_memcheck-amd64-linux.so)
==79226==    by 0x401DD1: new_exec (exec_utils.c:19)
==79226==    by 0x403618: split_input (split_input.c:50)
==79226==    by 0x402BD8: creat_lst_red (creat_lst_red.c:107)
==79226==    by 0x401B98: handle_input (token_utils.c:56)
==79226==    by 0x40151C: main (main.c:25)
==79226== 
==79226== 795 (24 direct, 771 indirect) bytes in 1 blocks are definitely lost in loss record 41 of 79
==79226==    at 0x4848899: malloc (in /usr/libexec/valgrind/vgpreload_memcheck-amd64-linux.so)
==79226==    by 0x4024F1: init_data (init_struct.c:86)
==79226==    by 0x4014DE: main (main.c:21)
==79226== 
==79226== LEAK SUMMARY:
==79226==    definitely lost: 120 bytes in 4 blocks
==79226==    indirectly lost: 1,105 bytes in 55 blocks
==79226==      possibly lost: 0 bytes in 0 blocks
==79226==    still reachable: 208,316 bytes in 231 blocks
==79226==         suppressed: 0 bytes in 0 blocks
==79226== Reachable blocks (those to which a pointer was found) are not shown.
==79226== To see them, rerun with: --leak-check=full --show-leak-kinds=all
==79226== 
==79226== For lists of detected and suppressed errors, rerun with: -s
==79226== ERROR SUMMARY: 3 errors from 3 contexts (suppressed: 0 from 0)
